<?xml version="1.0" encoding="UTF-8"?>
<!-- Generated by org.testng.reporters.JUnitReportReporter -->
<testsuite hostname="DESKTOP-13RM4VM" failures="0" tests="5" name="com.tekarch.tests.EndToEndTestcases" time="29.705" errors="0" timestamp="2022-10-26T21:07:29 PDT" skipped="0">
  <testcase classname="com.tekarch.tests.EndToEndTestcases" name="login_TC01" time="13.771"/>
  <system-out/>
  <testcase classname="com.tekarch.tests.EndToEndTestcases" name="create_TC02" time="2.956"/>
  <system-out/>
  <testcase classname="com.tekarch.tests.EndToEndTestcases" name="read_TC03" time="4.973"/>
  <system-out/>
  <testcase classname="com.tekarch.tests.EndToEndTestcases" name="update_TC04" time="2.466"/>
  <system-out/>
  <testcase classname="com.tekarch.tests.EndToEndTestcases" name="delete_TC05" time="5.539"/>
  <system-out/>
</testsuite> <!-- com.tekarch.tests.EndToEndTestcases -->
